<?xml version="1.0" encoding="UTF-8"?>
<testsuites name="jest tests" tests="2" failures="0" errors="0" time="1.276">
  <testsuite name="HttpBuildCacheProvider" errors="0" failures="0" skipped="0" timestamp="2024-03-05T01:17:49" time="1.036" tests="2">
    <testcase classname="HttpBuildCacheProvider tryGetCacheEntryBufferByIdAsync &gt; " name="prints warning if read credentials are not available (lib/test/HttpBuildCacheProvider.test.js)" time="0.017">
    </testcase>
    <testcase classname="HttpBuildCacheProvider tryGetCacheEntryBufferByIdAsync &gt; " name="attempts up to 3 times to download a cache entry (lib/test/HttpBuildCacheProvider.test.js)" time="0.02">
    </testcase>
  </testsuite>
</testsuites>